<?xml version="1.0" encoding="UTF-8"?>
<testng-results ignored="4" total="13" passed="9" failed="0" skipped="0">
  <reporter-output>
    <line>
      <![CDATA[Connection Successfully Established]]>
    </line>
    <line>
      <![CDATA[---opened the app---]]>
    </line>
    <line>
      <![CDATA[---Logged out of the app---]]>
    </line>
    <line>
      <![CDATA[---opened the app---]]>
    </line>
    <line>
      <![CDATA[---Logged out of the app---]]>
    </line>
    <line>
      <![CDATA[---opened the app---]]>
    </line>
    <line>
      <![CDATA[---Logged out of the app---]]>
    </line>
    <line>
      <![CDATA[---Browser is CLosed---]]>
    </line>
    <line>
      <![CDATA[---opened the app---]]>
    </line>
    <line>
      <![CDATA[---Logged out of the app---]]>
    </line>
    <line>
      <![CDATA[---opened the app---]]>
    </line>
    <line>
      <![CDATA[---Logged out of the app---]]>
    </line>
    <line>
      <![CDATA[---opened the app---]]>
    </line>
    <line>
      <![CDATA[---Logged out of the app---]]>
    </line>
    <line>
      <![CDATA[---Browser is CLosed---]]>
    </line>
    <line>
      <![CDATA[---opened the app---]]>
    </line>
    <line>
      <![CDATA[---Logged out of the app---]]>
    </line>
    <line>
      <![CDATA[---opened the app---]]>
    </line>
    <line>
      <![CDATA[---Logged out of the app---]]>
    </line>
    <line>
      <![CDATA[---opened the app---]]>
    </line>
    <line>
      <![CDATA[---Logged out of the app---]]>
    </line>
    <line>
      <![CDATA[---Browser is CLosed---]]>
    </line>
    <line>
      <![CDATA[---Database is CLosed---]]>
    </line>
  </reporter-output>
  <suite started-at="2024-04-16T12:35:10 IST" name="Suite" finished-at="2024-04-16T12:36:24 IST" duration-ms="73877">
    <groups>
      <group name="Smoke">
        <method signature="Demo.script3()[pri:0, instance:Scripts.Demo@48aca48b]" name="script3" class="Scripts.Demo"/>
        <method signature="example.example2()[pri:0, instance:Scripts.example@272113c4]" name="example2" class="Scripts.example"/>
      </group> <!-- Smoke -->
    </groups>
    <test started-at="2024-04-16T12:35:10 IST" name="Test" finished-at="2024-04-16T12:36:24 IST" duration-ms="73877">
      <class name="Scripts.Sample">
        <test-method is-config="true" signature="openBrowser()[pri:0, instance:Scripts.Sample@273e7444]" started-at="2024-04-16T12:35:35 IST" name="openBrowser" finished-at="2024-04-16T12:35:39 IST" duration-ms="3425" status="PASS">
          <reporter-output>
          </reporter-output>
        </test-method> <!-- openBrowser -->
        <test-method is-config="true" signature="loginToApp()[pri:0, instance:Scripts.Sample@273e7444]" started-at="2024-04-16T12:35:39 IST" name="loginToApp" finished-at="2024-04-16T12:35:43 IST" duration-ms="4156" status="PASS">
          <reporter-output>
            <line>
              <![CDATA[---opened the app---]]>
            </line>
          </reporter-output>
        </test-method> <!-- loginToApp -->
        <test-method signature="demo1()[pri:0, instance:Scripts.Sample@273e7444]" started-at="2024-04-16T12:35:43 IST" name="demo1" finished-at="2024-04-16T12:35:45 IST" duration-ms="2014" status="PASS">
          <reporter-output>
          </reporter-output>
        </test-method> <!-- demo1 -->
        <test-method is-config="true" signature="logoutFromApp()[pri:0, instance:Scripts.Sample@273e7444]" started-at="2024-04-16T12:35:45 IST" name="logoutFromApp" finished-at="2024-04-16T12:35:48 IST" duration-ms="3012" status="PASS">
          <reporter-output>
            <line>
              <![CDATA[---Logged out of the app---]]>
            </line>
          </reporter-output>
        </test-method> <!-- logoutFromApp -->
        <test-method is-config="true" signature="loginToApp()[pri:0, instance:Scripts.Sample@273e7444]" started-at="2024-04-16T12:35:48 IST" name="loginToApp" finished-at="2024-04-16T12:35:51 IST" duration-ms="3420" status="PASS">
          <reporter-output>
            <line>
              <![CDATA[---opened the app---]]>
            </line>
          </reporter-output>
        </test-method> <!-- loginToApp -->
        <test-method signature="demo2()[pri:0, instance:Scripts.Sample@273e7444]" started-at="2024-04-16T12:35:51 IST" name="demo2" finished-at="2024-04-16T12:35:51 IST" duration-ms="3" status="PASS">
          <reporter-output>
          </reporter-output>
        </test-method> <!-- demo2 -->
        <test-method is-config="true" signature="logoutFromApp()[pri:0, instance:Scripts.Sample@273e7444]" started-at="2024-04-16T12:35:51 IST" name="logoutFromApp" finished-at="2024-04-16T12:35:54 IST" duration-ms="3012" status="PASS">
          <reporter-output>
            <line>
              <![CDATA[---Logged out of the app---]]>
            </line>
          </reporter-output>
        </test-method> <!-- logoutFromApp -->
        <test-method is-config="true" signature="loginToApp()[pri:0, instance:Scripts.Sample@273e7444]" started-at="2024-04-16T12:35:54 IST" name="loginToApp" finished-at="2024-04-16T12:35:57 IST" duration-ms="2953" status="PASS">
          <reporter-output>
            <line>
              <![CDATA[---opened the app---]]>
            </line>
          </reporter-output>
        </test-method> <!-- loginToApp -->
        <test-method signature="demo3()[pri:0, instance:Scripts.Sample@273e7444]" started-at="2024-04-16T12:35:57 IST" name="demo3" finished-at="2024-04-16T12:35:57 IST" duration-ms="6" status="PASS">
          <reporter-output>
          </reporter-output>
        </test-method> <!-- demo3 -->
        <test-method is-config="true" signature="logoutFromApp()[pri:0, instance:Scripts.Sample@273e7444]" started-at="2024-04-16T12:35:57 IST" name="logoutFromApp" finished-at="2024-04-16T12:36:00 IST" duration-ms="3016" status="PASS">
          <reporter-output>
            <line>
              <![CDATA[---Logged out of the app---]]>
            </line>
          </reporter-output>
        </test-method> <!-- logoutFromApp -->
        <test-method is-config="true" signature="closeBrowser()[pri:0, instance:Scripts.Sample@273e7444]" started-at="2024-04-16T12:36:00 IST" name="closeBrowser" finished-at="2024-04-16T12:36:01 IST" duration-ms="575" status="PASS">
          <reporter-output>
            <line>
              <![CDATA[---Browser is CLosed---]]>
            </line>
          </reporter-output>
        </test-method> <!-- closeBrowser -->
      </class> <!-- Scripts.Sample -->
      <class name="Scripts.Demo">
        <test-method is-config="true" signature="connectToDB()[pri:0, instance:Scripts.Demo@48aca48b]" started-at="2024-04-16T12:35:10 IST" name="connectToDB" finished-at="2024-04-16T12:35:10 IST" duration-ms="376" status="PASS">
          <reporter-output>
            <line>
              <![CDATA[Connection Successfully Established]]>
            </line>
          </reporter-output>
        </test-method> <!-- connectToDB -->
        <test-method is-config="true" signature="openBrowser()[pri:0, instance:Scripts.Demo@48aca48b]" started-at="2024-04-16T12:35:10 IST" name="openBrowser" finished-at="2024-04-16T12:35:14 IST" duration-ms="4318" status="PASS">
          <reporter-output>
          </reporter-output>
        </test-method> <!-- openBrowser -->
        <test-method is-config="true" signature="loginToApp()[pri:0, instance:Scripts.Demo@48aca48b]" started-at="2024-04-16T12:35:15 IST" name="loginToApp" finished-at="2024-04-16T12:35:19 IST" duration-ms="4601" status="PASS">
          <reporter-output>
            <line>
              <![CDATA[---opened the app---]]>
            </line>
          </reporter-output>
        </test-method> <!-- loginToApp -->
        <test-method signature="script1()[pri:0, instance:Scripts.Demo@48aca48b]" started-at="2024-04-16T12:35:19 IST" name="script1" finished-at="2024-04-16T12:35:19 IST" duration-ms="20" status="PASS">
          <reporter-output>
          </reporter-output>
        </test-method> <!-- script1 -->
        <test-method is-config="true" signature="logoutFromApp()[pri:0, instance:Scripts.Demo@48aca48b]" started-at="2024-04-16T12:35:19 IST" name="logoutFromApp" finished-at="2024-04-16T12:35:22 IST" duration-ms="3016" status="PASS">
          <reporter-output>
            <line>
              <![CDATA[---Logged out of the app---]]>
            </line>
          </reporter-output>
        </test-method> <!-- logoutFromApp -->
        <test-method is-config="true" signature="loginToApp()[pri:0, instance:Scripts.Demo@48aca48b]" started-at="2024-04-16T12:35:22 IST" name="loginToApp" finished-at="2024-04-16T12:35:25 IST" duration-ms="3074" status="PASS">
          <reporter-output>
            <line>
              <![CDATA[---opened the app---]]>
            </line>
          </reporter-output>
        </test-method> <!-- loginToApp -->
        <test-method signature="script2()[pri:0, instance:Scripts.Demo@48aca48b]" started-at="2024-04-16T12:35:25 IST" name="script2" finished-at="2024-04-16T12:35:25 IST" duration-ms="7" status="PASS">
          <reporter-output>
          </reporter-output>
        </test-method> <!-- script2 -->
        <test-method is-config="true" signature="logoutFromApp()[pri:0, instance:Scripts.Demo@48aca48b]" started-at="2024-04-16T12:35:25 IST" name="logoutFromApp" finished-at="2024-04-16T12:35:28 IST" duration-ms="3004" status="PASS">
          <reporter-output>
            <line>
              <![CDATA[---Logged out of the app---]]>
            </line>
          </reporter-output>
        </test-method> <!-- logoutFromApp -->
        <test-method is-config="true" signature="loginToApp()[pri:0, instance:Scripts.Demo@48aca48b]" started-at="2024-04-16T12:35:28 IST" name="loginToApp" finished-at="2024-04-16T12:35:32 IST" duration-ms="3251" status="PASS">
          <reporter-output>
            <line>
              <![CDATA[---opened the app---]]>
            </line>
          </reporter-output>
        </test-method> <!-- loginToApp -->
        <test-method signature="script3()[pri:0, instance:Scripts.Demo@48aca48b]" started-at="2024-04-16T12:35:32 IST" name="script3" finished-at="2024-04-16T12:35:32 IST" duration-ms="7" status="PASS">
          <reporter-output>
          </reporter-output>
        </test-method> <!-- script3 -->
        <test-method is-config="true" signature="logoutFromApp()[pri:0, instance:Scripts.Demo@48aca48b]" started-at="2024-04-16T12:35:32 IST" name="logoutFromApp" finished-at="2024-04-16T12:35:35 IST" duration-ms="3013" status="PASS">
          <reporter-output>
            <line>
              <![CDATA[---Logged out of the app---]]>
            </line>
          </reporter-output>
        </test-method> <!-- logoutFromApp -->
        <test-method is-config="true" signature="closeBrowser()[pri:0, instance:Scripts.Demo@48aca48b]" started-at="2024-04-16T12:35:35 IST" name="closeBrowser" finished-at="2024-04-16T12:35:35 IST" duration-ms="808" status="PASS">
          <reporter-output>
            <line>
              <![CDATA[---Browser is CLosed---]]>
            </line>
          </reporter-output>
        </test-method> <!-- closeBrowser -->
        <test-method is-config="true" signature="closeDB()[pri:0, instance:Scripts.Demo@48aca48b]" started-at="2024-04-16T12:36:24 IST" name="closeDB" finished-at="2024-04-16T12:36:24 IST" duration-ms="15" status="PASS">
          <reporter-output>
            <line>
              <![CDATA[---Database is CLosed---]]>
            </line>
          </reporter-output>
        </test-method> <!-- closeDB -->
      </class> <!-- Scripts.Demo -->
      <class name="Scripts.example">
        <test-method is-config="true" signature="openBrowser()[pri:0, instance:Scripts.example@272113c4]" started-at="2024-04-16T12:36:01 IST" name="openBrowser" finished-at="2024-04-16T12:36:04 IST" duration-ms="3341" status="PASS">
          <reporter-output>
          </reporter-output>
        </test-method> <!-- openBrowser -->
        <test-method is-config="true" signature="loginToApp()[pri:0, instance:Scripts.example@272113c4]" started-at="2024-04-16T12:36:04 IST" name="loginToApp" finished-at="2024-04-16T12:36:09 IST" duration-ms="4363" status="PASS">
          <reporter-output>
            <line>
              <![CDATA[---opened the app---]]>
            </line>
          </reporter-output>
        </test-method> <!-- loginToApp -->
        <test-method signature="example1()[pri:0, instance:Scripts.example@272113c4]" started-at="2024-04-16T12:36:09 IST" name="example1" finished-at="2024-04-16T12:36:09 IST" duration-ms="8" status="PASS">
          <reporter-output>
          </reporter-output>
        </test-method> <!-- example1 -->
        <test-method is-config="true" signature="logoutFromApp()[pri:0, instance:Scripts.example@272113c4]" started-at="2024-04-16T12:36:09 IST" name="logoutFromApp" finished-at="2024-04-16T12:36:12 IST" duration-ms="3018" status="PASS">
          <reporter-output>
            <line>
              <![CDATA[---Logged out of the app---]]>
            </line>
          </reporter-output>
        </test-method> <!-- logoutFromApp -->
        <test-method is-config="true" signature="loginToApp()[pri:0, instance:Scripts.example@272113c4]" started-at="2024-04-16T12:36:12 IST" name="loginToApp" finished-at="2024-04-16T12:36:15 IST" duration-ms="2881" status="PASS">
          <reporter-output>
            <line>
              <![CDATA[---opened the app---]]>
            </line>
          </reporter-output>
        </test-method> <!-- loginToApp -->
        <test-method signature="example2()[pri:0, instance:Scripts.example@272113c4]" started-at="2024-04-16T12:36:15 IST" name="example2" finished-at="2024-04-16T12:36:15 IST" duration-ms="6" status="PASS">
          <reporter-output>
          </reporter-output>
        </test-method> <!-- example2 -->
        <test-method is-config="true" signature="logoutFromApp()[pri:0, instance:Scripts.example@272113c4]" started-at="2024-04-16T12:36:15 IST" name="logoutFromApp" finished-at="2024-04-16T12:36:18 IST" duration-ms="3008" status="PASS">
          <reporter-output>
            <line>
              <![CDATA[---Logged out of the app---]]>
            </line>
          </reporter-output>
        </test-method> <!-- logoutFromApp -->
        <test-method is-config="true" signature="loginToApp()[pri:0, instance:Scripts.example@272113c4]" started-at="2024-04-16T12:36:18 IST" name="loginToApp" finished-at="2024-04-16T12:36:20 IST" duration-ms="2868" status="PASS">
          <reporter-output>
            <line>
              <![CDATA[---opened the app---]]>
            </line>
          </reporter-output>
        </test-method> <!-- loginToApp -->
        <test-method signature="example3()[pri:0, instance:Scripts.example@272113c4]" started-at="2024-04-16T12:36:20 IST" name="example3" finished-at="2024-04-16T12:36:20 IST" duration-ms="3" status="PASS">
          <reporter-output>
          </reporter-output>
        </test-method> <!-- example3 -->
        <test-method is-config="true" signature="logoutFromApp()[pri:0, instance:Scripts.example@272113c4]" started-at="2024-04-16T12:36:20 IST" name="logoutFromApp" finished-at="2024-04-16T12:36:23 IST" duration-ms="3016" status="PASS">
          <reporter-output>
            <line>
              <![CDATA[---Logged out of the app---]]>
            </line>
          </reporter-output>
        </test-method> <!-- logoutFromApp -->
        <test-method is-config="true" signature="closeBrowser()[pri:0, instance:Scripts.example@272113c4]" started-at="2024-04-16T12:36:23 IST" name="closeBrowser" finished-at="2024-04-16T12:36:24 IST" duration-ms="532" status="PASS">
          <reporter-output>
            <line>
              <![CDATA[---Browser is CLosed---]]>
            </line>
          </reporter-output>
        </test-method> <!-- closeBrowser -->
      </class> <!-- Scripts.example -->
    </test> <!-- Test -->
  </suite> <!-- Suite -->
</testng-results>
