<?xml version="1.0" encoding="UTF-8"?>
<!-- Generated by org.testng.reporters.JUnitXMLReporter -->
<testsuite ignored="4" hostname="Manoj-007" failures="0" tests="9" name="Test" time="73.877" errors="0" timestamp="2024-04-16T12:36:24 IST">
  <testcase classname="Scripts.Demo" name="script1" time="0.02"/>
  <testcase classname="Scripts.Demo" name="script2" time="0.007"/>
  <testcase classname="Scripts.Demo" name="script3" time="0.007"/>
  <testcase classname="Scripts.Sample" name="demo1" time="2.014"/>
  <testcase classname="Scripts.Sample" name="demo2" time="0.003"/>
  <testcase classname="Scripts.Sample" name="demo3" time="0.006"/>
  <testcase classname="Scripts.example" name="example1" time="0.008"/>
  <testcase classname="Scripts.example" name="example2" time="0.006"/>
  <testcase classname="Scripts.example" name="example3" time="0.003"/>
  <testcase classname="com.GenericUtilities.BaseClass" name="@BeforeSuite connectToDB" time="0.0">
    <ignored/>
  </testcase> <!-- @BeforeSuite connectToDB -->
  <testcase classname="com.GenericUtilities.BaseClass" name="@BeforeSuite connectToDB" time="0.0">
    <ignored/>
  </testcase> <!-- @BeforeSuite connectToDB -->
  <testcase classname="com.GenericUtilities.BaseClass" name="@AfterSuite closeDB" time="0.0">
    <ignored/>
  </testcase> <!-- @AfterSuite closeDB -->
  <testcase classname="com.GenericUtilities.BaseClass" name="@AfterSuite closeDB" time="0.0">
    <ignored/>
  </testcase> <!-- @AfterSuite closeDB -->
</testsuite> <!-- Test -->
